Flutter crash report.
Please report a bug at https://github.com/flutter/flutter/issues.

## command

flutter --quiet assemble --depfile /Volumes/Personal/f/restaurants_waiters/build/app/intermediates/flutter/debug/flutter_build.d --output /Volumes/Personal/f/restaurants_waiters/build/app/intermediates/flutter/debug -dTargetFile=/Volumes/Personal/f/restaurants_waiters/lib/main.dart -dTargetPlatform=android -dBuildMode=debug -dTrackWidgetCreation=true debug_android_application

## exception

FileSystemException: FileSystemException: Cannot open file, path = '/Volumes/Personal/f/restaurants_waiters/build/app/intermediates/flutter/debug/.last_build_id' (OS Error: No such file or directory, errno = 2)

```
#0      _File.throwIfError (dart:io/file_impl.dart:635:7)
#1      _File.openSync (dart:io/file_impl.dart:479:5)
#2      _File.writeAsBytesSync (dart:io/file_impl.dart:604:31)
#3      _File.writeAsStringSync (dart:io/file_impl.dart:628:5)
#4      ForwardingFile.writeAsStringSync (package:file/src/forwarding/forwarding_file.dart:148:16)
#5      ErrorHandlingFile.writeAsStringSync.<anonymous closure> (package:flutter_tools/src/base/error_handling_io.dart:187:22)
#6      _runSync (package:flutter_tools/src/base/error_handling_io.dart:380:14)
#7      ErrorHandlingFile.writeAsStringSync (package:flutter_tools/src/base/error_handling_io.dart:186:5)
#8      FlutterBuildSystem.trackSharedBuildDirectory (package:flutter_tools/src/build_system/build_system.dart:673:23)
#9      FlutterBuildSystem.build (package:flutter_tools/src/build_system/build_system.dart:590:5)
<asynchronous suspension>
#10     AssembleCommand.runCommand (package:flutter_tools/src/commands/assemble.dart:221:58)
#11     FlutterCommand.verifyThenRunCommand (package:flutter_tools/src/runner/flutter_command.dart:977:18)
<asynchronous suspension>
#12     FlutterCommand.run.<anonymous closure> (package:flutter_tools/src/runner/flutter_command.dart:836:33)
<asynchronous suspension>
#13     FlutterCommand.run.<anonymous closure> (package:flutter_tools/src/runner/flutter_command.dart)
#14     AppContext.run.<anonymous closure> (package:flutter_tools/src/base/context.dart:150:29)
#15     _rootRun (dart:async/zone.dart:1190:13)
#16     _CustomZone.run (dart:async/zone.dart:1093:19)
#17     _runZoned (dart:async/zone.dart:1630:10)
#18     runZoned (dart:async/zone.dart:1550:10)
#19     AppContext.run (package:flutter_tools/src/base/context.dart:149:18)
#20     FlutterCommand.run (package:flutter_tools/src/runner/flutter_command.dart:825:20)
#21     CommandRunner.runCommand (package:args/command_runner.dart:197:27)
#22     FlutterCommandRunner.runCommand.<anonymous closure> (package:flutter_tools/src/runner/flutter_command_runner.dart:335:21)
<asynchronous suspension>
#23     FlutterCommandRunner.runCommand.<anonymous closure> (package:flutter_tools/src/runner/flutter_command_runner.dart)
#24     AppContext.run.<anonymous closure> (package:flutter_tools/src/base/context.dart:150:29)
#25     _rootRun (dart:async/zone.dart:1190:13)
#26     _CustomZone.run (dart:async/zone.dart:1093:19)
#27     _runZoned (dart:async/zone.dart:1630:10)
#28     runZoned (dart:async/zone.dart:1550:10)
#29     AppContext.run (package:flutter_tools/src/base/context.dart:149:18)
#30     FlutterCommandRunner.runCommand (package:flutter_tools/src/runner/flutter_command_runner.dart:281:19)
<asynchronous suspension>
#31     CommandRunner.run.<anonymous closure> (package:args/command_runner.dart:112:25)
#32     new Future.sync (dart:async/future.dart:223:31)
#33     CommandRunner.run (package:args/command_runner.dart:112:14)
#34     FlutterCommandRunner.run (package:flutter_tools/src/runner/flutter_command_runner.dart:230:18)
#35     run.<anonymous closure>.<anonymous closure> (package:flutter_tools/runner.dart:63:22)
#36     _rootRun (dart:async/zone.dart:1190:13)
#37     _CustomZone.run (dart:async/zone.dart:1093:19)
#38     _runZoned (dart:async/zone.dart:1630:10)
#39     runZonedGuarded (dart:async/zone.dart:1618:12)
#40     runZoned (dart:async/zone.dart:1547:12)
#41     run.<anonymous closure> (package:flutter_tools/runner.dart:61:18)
<asynchronous suspension>
#42     run.<anonymous closure> (package:flutter_tools/runner.dart)
#43     runInContext.runnerWrapper (package:flutter_tools/src/context_runner.dart:67:18)
<asynchronous suspension>
#44     runInContext.runnerWrapper (package:flutter_tools/src/context_runner.dart)
#45     AppContext.run.<anonymous closure> (package:flutter_tools/src/base/context.dart:150:29)
#46     _rootRun (dart:async/zone.dart:1190:13)
#47     _CustomZone.run (dart:async/zone.dart:1093:19)
#48     _runZoned (dart:async/zone.dart:1630:10)
#49     runZoned (dart:async/zone.dart:1550:10)
#50     AppContext.run (package:flutter_tools/src/base/context.dart:149:18)
#51     runInContext (package:flutter_tools/src/context_runner.dart:70:24)
#52     run (package:flutter_tools/runner.dart:46:10)
#53     main (package:flutter_tools/executable.dart:77:9)
#54     main (file:///Users/mac/Documents/projects/flutter/packages/flutter_tools/bin/flutter_tools.dart:8:3)
#55     _startIsolate.<anonymous closure> (dart:isolate-patch/isolate_patch.dart:299:32)
#56     _RawReceivePortImpl._handleMessage (dart:isolate-patch/isolate_patch.dart:168:12)
```

## flutter doctor

```
[✓] Flutter (Channel stable, 1.22.4, on Mac OS X 10.15.3 19D76 darwin-x64, locale en-GB)
    • Flutter version 1.22.4 at /Users/mac/Documents/projects/flutter
    • Framework revision 1aafb3a8b9 (3 months ago), 2020-11-13 09:59:28 -0800
    • Engine revision 2c956a31c0
    • Dart version 2.10.4

[✓] Android toolchain - develop for Android devices (Android SDK version 29.0.3)
    • Android SDK at /Users/mac/Library/Android/sdk
    • Platform android-29, build-tools 29.0.3
    • Java binary at: /Applications/Android Studio.app/Contents/jre/jdk/Contents/Home/bin/java
    • Java version OpenJDK Runtime Environment (build 1.8.0_202-release-1483-b49-5587405)
    • All Android licenses accepted.

[✓] Xcode - develop for iOS and macOS (Xcode 11.3.1)
    • Xcode at /Applications/Xcode.app/Contents/Developer
    • Xcode 11.3.1, Build version 11C504
    • CocoaPods version 1.10.0

[✓] Android Studio (version 3.5)
    • Android Studio at /Applications/Android Studio.app/Contents
    • Flutter plugin version 43.0.1
    • Dart plugin version 191.8593
    • Java version OpenJDK Runtime Environment (build 1.8.0_202-release-1483-b49-5587405)

[✓] Connected device (1 available)
    • SM A715F (mobile) • RZ8N21VQK5X • android-arm64 • Android 10 (API 29)

• No issues found!
```
